<?xml version="1.0" encoding="UTF-8"?>
<!-- Generated by org.testng.reporters.JUnitReportReporter -->
<testsuite hostname="mohan-HP" failures="0" tests="5" name="TestScripts.JsAlertsTest" time="39.761" errors="0" timestamp="2020-11-11T23:41:42 GMT" skipped="0">
  <testcase classname="TestScripts.JsAlertsTest" name="validate_clickForJsAlertAccept" time="6.826"/>
  <system-out/>
  <testcase classname="TestScripts.JsAlertsTest" name="validate_clickForJsPrompt_dismiss" time="8.206"/>
  <system-out/>
  <testcase classname="TestScripts.JsAlertsTest" name="validate_clickForJsConfirm_dismiss" time="7.953"/>
  <system-out/>
  <testcase classname="TestScripts.JsAlertsTest" name="validate_clickForJsPrompt_accept" time="9.476"/>
  <system-out/>
  <testcase classname="TestScripts.JsAlertsTest" name="validate_clickForJsConfirm" time="7.300"/>
  <system-out/>
</testsuite> <!-- TestScripts.JsAlertsTest -->
