<?xml version="1.0" encoding="UTF-8"?>
<!-- Generated by org.testng.reporters.JUnitReportReporter -->
<testsuite skipped="0" hostname="mohan-HP" name="assessment.LoginForm" tests="6" failures="0" timestamp="2020-11-09T17:39:25 GMT" time="73.348" errors="0">
  <testcase name="validate_Form_Missing_Password" time="11.082" classname="assessment.LoginForm"/>
  <system-out/>
  <testcase name="validate_Form_Invalid_Username" time="13.407" classname="assessment.LoginForm"/>
  <system-out/>
  <testcase name="validate_Form_Invalid_Password" time="12.839" classname="assessment.LoginForm"/>
  <system-out/>
  <testcase name="validate_Form_Login" time="12.142" classname="assessment.LoginForm"/>
  <system-out/>
  <testcase name="validate_Form_Missing_Username" time="12.120" classname="assessment.LoginForm"/>
  <system-out/>
  <testcase name="validate_Invalid_Inputs" time="11.758" classname="assessment.LoginForm"/>
  <system-out/>
</testsuite> <!-- assessment.LoginForm -->
