<?xml version="1.0" encoding="UTF-8"?>
<!-- Generated by org.testng.reporters.JUnitReportReporter -->
<testsuite hostname="mohan-HP" failures="0" tests="1" name="TestScripts.DynamicLoadingTest" time="11.881" errors="0" timestamp="2020-11-11T23:38:25 GMT" skipped="0">
  <testcase classname="TestScripts.DynamicLoadingTest" name="validate_clickLoadingExample2Link" time="11.881"/>
  <system-out/>
</testsuite> <!-- TestScripts.DynamicLoadingTest -->
