<?xml version="1.0" encoding="UTF-8"?>
<!-- Generated by org.testng.reporters.JUnitReportReporter -->
<testsuite skipped="0" hostname="mohan-HP" name="assessment.JsAlerts" tests="5" failures="0" timestamp="2020-11-08T16:26:40 GMT" time="34.066" errors="0">
  <testcase name="validate_clickForJSAlert_accept" time="4.871" classname="assessment.JsAlerts"/>
  <system-out/>
  <testcase name="validate_clickForJSPromptSuccess" time="11.103" classname="assessment.JsAlerts"/>
  <system-out/>
  <testcase name="validate_clickForJSPromptDismiss" time="6.457" classname="assessment.JsAlerts"/>
  <system-out/>
  <testcase name="validate_clickForJSAlert_dismiss" time="5.605" classname="assessment.JsAlerts"/>
  <system-out/>
  <testcase name="validate_clickForJSAlert" time="6.030" classname="assessment.JsAlerts"/>
  <system-out/>
</testsuite> <!-- assessment.JsAlerts -->
