<?xml version="1.0" encoding="UTF-8"?>
<!-- Generated by org.testng.reporters.JUnitReportReporter -->
<testsuite hostname="mohan-HP" failures="0" tests="8" name="TestScripts.FormAuthenticationTest" time="100.870" errors="0" timestamp="2020-11-11T23:37:33 GMT" skipped="0">
  <testcase classname="TestScripts.FormAuthenticationTest" name="validate_success_Login" time="11.542"/>
  <system-out/>
  <testcase classname="TestScripts.FormAuthenticationTest" name="validate_invalid_Login" time="11.930"/>
  <system-out/>
  <testcase classname="TestScripts.FormAuthenticationTest" name="validate_invalidUsername_Login" time="12.432"/>
  <system-out/>
  <testcase classname="TestScripts.FormAuthenticationTest" name="validate_invalidPassword_Login" time="12.195"/>
  <system-out/>
  <testcase classname="TestScripts.FormAuthenticationTest" name="validate_missingInputs_Login" time="14.030"/>
  <system-out/>
  <testcase classname="TestScripts.FormAuthenticationTest" name="validate_missingUsername_Login" time="13.003"/>
  <system-out/>
  <testcase classname="TestScripts.FormAuthenticationTest" name="validate_missingPassword_Login" time="13.111"/>
  <system-out/>
  <testcase classname="TestScripts.FormAuthenticationTest" name="validate_clickLogout" time="12.627"/>
  <system-out/>
</testsuite> <!-- TestScripts.FormAuthenticationTest -->
