<?xml version="1.0" encoding="UTF-8"?>
<!-- Generated by org.testng.reporters.JUnitReportReporter -->
<testsuite hostname="mohan-HP" failures="0" tests="3" name="TestScripts.LinksHomePageTest" time="30.526" errors="0" timestamp="2020-11-11T23:39:41 GMT" skipped="0">
  <testcase classname="TestScripts.LinksHomePageTest" name="validate_jsAlertLink" time="9.195"/>
  <system-out/>
  <testcase classname="TestScripts.LinksHomePageTest" name="validate_dynamicLoadingLink" time="11.128"/>
  <system-out/>
  <testcase classname="TestScripts.LinksHomePageTest" name="validate_formAuthenticationLink" time="10.203"/>
  <system-out/>
</testsuite> <!-- TestScripts.LinksHomePageTest -->
